{
  "stats": {
    "suites": 0,
    "tests": 1,
    "passes": 1,
    "pending": 0,
    "failures": 0,
    "start": "2023-09-08T11:49:44.035Z",
    "end": "2023-09-08T11:51:14.836Z",
    "duration": 90801,
    "testsRegistered": 1,
    "passPercent": 100,
    "pendingPercent": 0,
    "other": 0,
    "hasOther": false,
    "skipped": 0,
    "hasSkipped": false
  },
  "results": [
    {
      "uuid": "f6fcd6c3-f2d3-4700-b439-c5680c0ead9d",
      "title": "",
      "fullFile": "cypress\\e2e\\spec-copy-1.cy.js",
      "file": "cypress\\e2e\\spec-copy-1.cy.js",
      "beforeHooks": [],
      "afterHooks": [],
      "tests": [
        {
          "title": "LoginTests",
          "fullTitle": "LoginTests",
          "timedOut": null,
          "duration": 87867,
          "state": "passed",
          "speed": "slow",
          "pass": true,
          "fail": false,
          "pending": false,
          "context": null,
          "code": "cy.visit(\"https://app-staging.greenstory.ca/logout\");\ncy.fixture('loginPage').then(data => {\n  const logins = new _LoginPages.default();\n  const Profiles = new _ProfilePage.default();\n  const Listings = new _PrdListingPage.default();\n  const BasicInfo = new _BasicProductInfo.default();\n  const SCATest = new _SupplyChainAccordions.default();\n  logins.setUserName(data.username);\n  logins.setPassword(data.password);\n  logins.clickLogin();\n  //login.login(data.username,data.password);\n  //profile page\n  Profiles.clickOnProdctMenu();\n  Profiles.clickOnProduct();\n  // listing Page\n  Listings.clickOnAddProducts();\n  // Basic Info\n  //cy.fixture('loginPage').then((data) =>{\n  cy.fixture('PrdDetails').then(data => {\n    BasicInfo.setType(data.type);\n    BasicInfo.setCode(data.code);\n    BasicInfo.setName(data.name);\n    BasicInfo.setsku(data.sku);\n    BasicInfo.setCategory(data.category);\n    BasicInfo.setSubcategory(data.subcategory);\n    BasicInfo.setStyle(data.style);\n    BasicInfo.setDeparment(data.deparment);\n    BasicInfo.setWeight(data.weight);\n    BasicInfo.setWeightUnit(data.weightUnit);\n    BasicInfo.clickOnAssignDefault();\n    BasicInfo.clickOnAssignDefaultComfirm();\n    cy.wait(3000);\n    //Add Component\n    // SCATest.AddComponentDirect();\n    // SCATest.AddComponenteExitingUseAsIs();\n    // SCATest.AddComponenteExitingDuplicate();\n    // Replce Component\n    // SCATest.clickOnReplaceComponent();\n    // SCATest.ReplaceComponentDirect();\n    // SCATest.ReplaceExitingComponentUseAsIs();\n    // SCATest.ReplaceExitingComponentDuplicate();\n    SCATest.ClickOnCancelBtn();\n  });\n});",
          "err": {},
          "uuid": "24625427-3adf-4968-a22e-e4f86f9076ee",
          "parentUUID": "f6fcd6c3-f2d3-4700-b439-c5680c0ead9d",
          "isHook": false,
          "skipped": false
        }
      ],
      "suites": [],
      "passes": [
        "24625427-3adf-4968-a22e-e4f86f9076ee"
      ],
      "failures": [],
      "pending": [],
      "skipped": [],
      "duration": 87867,
      "root": true,
      "rootEmpty": false,
      "_timeout": 2000
    }
  ],
  "meta": {
    "mocha": {
      "version": "7.0.1"
    },
    "mochawesome": {
      "options": {
        "quiet": false,
        "reportFilename": "mochawesome",
        "saveHtml": true,
        "saveJson": true,
        "consoleReporter": "spec",
        "useInlineDiffs": false,
        "code": true
      },
      "version": "7.1.3"
    },
    "marge": {
      "options": {
        "reportDir": "cypress/reports"
      },
      "version": "6.2.0"
    }
  }
}